<?xml version="1.0" encoding="UTF-8"?>
<!-- Generated by org.testng.reporters.JUnitReportReporter -->
<testsuite hostname="SocioSquares" failures="0" tests="2" name="niuHealth.cancelVirtualVisit" time="103.000" errors="0" timestamp="2025-01-15T15:35:39 IST" skipped="0">
  <testcase classname="niuHealth.cancelVirtualVisit" name="testCancelVisit" time="54.906"/>
  <system-out/>
  <testcase classname="niuHealth.cancelVirtualVisit" name="cancelVirtualVisitFromMyAppointment" time="48.094"/>
  <system-out/>
</testsuite> <!-- niuHealth.cancelVirtualVisit -->
