<?xml version="1.0" encoding="UTF-8"?>
<!-- Generated by org.testng.reporters.JUnitReportReporter -->
<testsuite hostname="SocioSquares" failures="0" tests="1" name="niuHealth.NiuInsuranceTest" time="29.138" errors="0" timestamp="2025-01-22T15:54:10 IST" skipped="0">
  <testcase classname="niuHealth.NiuInsuranceTest" name="testProfile" time="29.138"/>
  <system-out/>
</testsuite> <!-- niuHealth.NiuInsuranceTest -->
