<?xml version="1.0" encoding="UTF-8"?>
<!-- Generated by org.testng.reporters.JUnitReportReporter -->
<testsuite hostname="SocioSquares" failures="0" tests="1" name="niuHealth.BlankLogin" time="10.116" errors="0" timestamp="2025-01-13T15:45:05 IST" skipped="0">
  <testcase classname="niuHealth.BlankLogin" name="testLogin" time="10.116"/>
  <system-out/>
</testsuite> <!-- niuHealth.BlankLogin -->
