<?xml version="1.0" encoding="UTF-8"?>
<!-- Generated by org.testng.reporters.JUnitReportReporter -->
<testsuite hostname="SocioSquares" failures="0" tests="1" name="niuHealth.NiuInsuranceTest" time="19.599" errors="0" timestamp="2025-01-14T16:38:45 IST" skipped="0">
  <testcase classname="niuHealth.NiuInsuranceTest" name="testProfile" time="19.599"/>
  <system-out/>
</testsuite> <!-- niuHealth.NiuInsuranceTest -->
