<?xml version="1.0" encoding="UTF-8"?>
<!-- Generated by org.testng.reporters.JUnitReportReporter -->
<testsuite hostname="SocioSquares" failures="0" tests="1" name="niuHealth.UploadProfileImageTest" time="20.304" errors="0" timestamp="2025-01-22T16:53:39 IST" skipped="0">
  <testcase classname="niuHealth.UploadProfileImageTest" name="testProfileImage" time="20.304"/>
  <system-out/>
</testsuite> <!-- niuHealth.UploadProfileImageTest -->
