<?xml version="1.0" encoding="UTF-8"?>
<!-- Generated by org.testng.reporters.JUnitReportReporter -->
<testsuite hostname="SocioSquares" failures="0" tests="1" name="niuHealth.ProfileTest" time="16.231" errors="0" timestamp="2025-01-23T15:15:04 IST" skipped="0">
  <testcase classname="niuHealth.ProfileTest" name="testProfile" time="16.231"/>
  <system-out/>
</testsuite> <!-- niuHealth.ProfileTest -->
