<?xml version="1.0" encoding="UTF-8"?>
<!-- Generated by org.testng.reporters.JUnitReportReporter -->
<testsuite hostname="SocioSquares" failures="0" tests="1" name="niuHealth.firefoxLoginTestCases" time="12.064" errors="0" timestamp="2025-01-22T14:20:29 IST" skipped="0">
  <testcase classname="niuHealth.firefoxLoginTestCases" name="testLoginOnFireFoxBrowser" time="12.064"/>
  <system-out/>
</testsuite> <!-- niuHealth.firefoxLoginTestCases -->
